<?xml version="1.0" encoding="UTF-8"?>
<!-- Generated by org.testng.reporters.JUnitReportReporter -->
<testsuite hostname="LAPTOP-H9QJJESB" failures="0" tests="2" name="Testpages.RegisterpageTest" time="13.634" errors="0" timestamp="2024-01-08T21:02:07 IST" skipped="0">
  <testcase classname="Testpages.RegisterpageTest" name="RegisterUser" time="6.467"/>
  <system-out/>
  <testcase classname="Testpages.RegisterpageTest" name="RegisterUser" time="7.167"/>
  <system-out/>
</testsuite> <!-- Testpages.RegisterpageTest -->
