<?xml version="1.0" encoding="UTF-8"?>
<!-- Generated by org.testng.reporters.JUnitReportReporter -->
<testsuite hostname="LAPTOP-H9QJJESB" failures="0" tests="2" name="Testpages.Homepagetest" time="8.889" errors="0" timestamp="2024-01-08T21:03:22 IST" skipped="0">
  <testcase classname="Testpages.Homepagetest" name="clickOnRegisterPage" time="4.454"/>
  <system-out/>
  <testcase classname="Testpages.Homepagetest" name="clickOnLogin" time="4.435"/>
  <system-out/>
</testsuite> <!-- Testpages.Homepagetest -->
