<?xml version="1.0" encoding="UTF-8"?>
<!-- Generated by org.testng.reporters.JUnitReportReporter -->
<testsuite hostname="LAPTOP-H9QJJESB" failures="0" tests="2" name="Testpages.LoginpageTest" time="11.635" errors="0" timestamp="2024-01-09T19:10:36 IST" skipped="0">
  <testcase classname="Testpages.LoginpageTest" name="LoginUser" time="6.159"/>
  <system-out/>
  <testcase classname="Testpages.LoginpageTest" name="LoginUser" time="5.476"/>
  <system-out/>
</testsuite> <!-- Testpages.LoginpageTest -->
